<?xml version="1.0" encoding="UTF-8"?>
<robot generator="Robot 3.2.1 (Python 3.8.3 on win32)" generated="20200609 14:10:41.109" rpa="false">
<suite id="s1" name="Locators" source="C:\development\robot-scripts\first-script\tests\locators.robot">
<test id="s1-t1" name="Should be able to search for product">
<kw name="Begin Web Test" library="Common" type="setup">
<kw name="Open Browser" library="SeleniumLibrary">
<doc>Opens a new browser instance to the optional ``url``.</doc>
<arguments>
<arg>about:blank</arg>
<arg>chrome</arg>
</arguments>
<msg timestamp="20200609 14:10:41.340" level="INFO">Opening browser 'chrome' to base url 'about:blank'.</msg>
<status status="PASS" starttime="20200609 14:10:41.340" endtime="20200609 14:10:44.474"></status>
</kw>
<kw name="Maximize Browser Window" library="SeleniumLibrary">
<doc>Maximizes current browser window.</doc>
<status status="PASS" starttime="20200609 14:10:44.474" endtime="20200609 14:10:46.594"></status>
</kw>
<status status="PASS" starttime="20200609 14:10:41.340" endtime="20200609 14:10:46.595"></status>
</kw>
<kw name="Search for Product" library="Locators">
<kw name="Load" library="LandingPage">
<kw name="Go To" library="SeleniumLibrary">
<doc>Navigates the current browser window to the provided ``url``.</doc>
<arguments>
<arg>http://www.amazon.com</arg>
</arguments>
<msg timestamp="20200609 14:10:46.596" level="INFO">Opening url 'http://www.amazon.com'</msg>
<status status="PASS" starttime="20200609 14:10:46.596" endtime="20200609 14:10:47.795"></status>
</kw>
<status status="PASS" starttime="20200609 14:10:46.596" endtime="20200609 14:10:47.796"></status>
</kw>
<kw name="Verify Page Loaded" library="LandingPage">
<kw name="Wait Until Page Contains" library="SeleniumLibrary">
<doc>Waits until ``text`` appears on the current page.</doc>
<arguments>
<arg>Today's Deals</arg>
</arguments>
<status status="PASS" starttime="20200609 14:10:47.797" endtime="20200609 14:10:47.857"></status>
</kw>
<status status="PASS" starttime="20200609 14:10:47.796" endtime="20200609 14:10:47.858"></status>
</kw>
<kw name="Search For Product" library="TopNav">
<kw name="Input Text" library="SeleniumLibrary">
<doc>Types the given ``text`` into the text field identified by ``locator``.</doc>
<arguments>
<arg>twotabsearchtextbox</arg>
<arg>Final Fantasy 8</arg>
</arguments>
<msg timestamp="20200609 14:10:47.859" level="INFO">Typing text 'Final Fantasy 8' into text field 'twotabsearchtextbox'.</msg>
<status status="PASS" starttime="20200609 14:10:47.858" endtime="20200609 14:10:48.140"></status>
</kw>
<kw name="Click Button" library="SeleniumLibrary">
<doc>Clicks the button identified by ``locator``.</doc>
<arguments>
<arg>xpath=//*[@id="nav-search"]/form/div[2]/div/input</arg>
</arguments>
<msg timestamp="20200609 14:10:48.140" level="INFO">Clicking button 'xpath=//*[@id="nav-search"]/form/div[2]/div/input'.</msg>
<status status="PASS" starttime="20200609 14:10:48.140" endtime="20200609 14:10:49.531"></status>
</kw>
<kw name="Wait Until Page Contains" library="SeleniumLibrary">
<doc>Waits until ``text`` appears on the current page.</doc>
<arguments>
<arg>results for "Final Fantasy 8"</arg>
</arguments>
<status status="PASS" starttime="20200609 14:10:49.532" endtime="20200609 14:10:49.588"></status>
</kw>
<status status="PASS" starttime="20200609 14:10:47.858" endtime="20200609 14:10:49.588"></status>
</kw>
<status status="PASS" starttime="20200609 14:10:46.595" endtime="20200609 14:10:49.589"></status>
</kw>
<kw name="Select Product from Search Result" library="Locators">
<kw name="Select Product" library="SearchResult">
<kw name="Click Link" library="SeleniumLibrary">
<doc>Clicks a link identified by ``locator``.</doc>
<arguments>
<arg>xpath=//*[@id="search"]/div[1]/div[1]/div/span[4]/div[2]/div[1]/div/span/div/div/div[2]/div[2]/div/div[1]/div/div/div[1]/h2/a</arg>
</arguments>
<msg timestamp="20200609 14:10:49.590" level="INFO">Clicking link 'xpath=//*[@id="search"]/div[1]/div[1]/div/span[4]/div[2]/div[1]/div/span/div/div/div[2]/div[2]/div/div[1]/div/div/div[1]/h2/a'.</msg>
<status status="PASS" starttime="20200609 14:10:49.590" endtime="20200609 14:10:52.257"></status>
</kw>
<kw name="Wait Until Page Contains" library="SeleniumLibrary">
<doc>Waits until ``text`` appears on the current page.</doc>
<arguments>
<arg>Back to results</arg>
</arguments>
<status status="PASS" starttime="20200609 14:10:52.257" endtime="20200609 14:10:52.615"></status>
</kw>
<status status="PASS" starttime="20200609 14:10:49.589" endtime="20200609 14:10:52.615"></status>
</kw>
<status status="PASS" starttime="20200609 14:10:49.589" endtime="20200609 14:10:52.615"></status>
</kw>
<kw name="End Web Test" library="Common" type="teardown">
<kw name="Close Browser" library="SeleniumLibrary">
<doc>Closes the current browser.</doc>
<status status="PASS" starttime="20200609 14:10:52.617" endtime="20200609 14:10:54.761"></status>
</kw>
<status status="PASS" starttime="20200609 14:10:52.616" endtime="20200609 14:10:54.762"></status>
</kw>
<status status="PASS" starttime="20200609 14:10:41.339" endtime="20200609 14:10:54.763" critical="yes"></status>
</test>
<status status="PASS" starttime="20200609 14:10:41.111" endtime="20200609 14:10:54.769"></status>
</suite>
<statistics>
<total>
<stat pass="1" fail="0">Critical Tests</stat>
<stat pass="1" fail="0">All Tests</stat>
</total>
<tag>
</tag>
<suite>
<stat pass="1" fail="0" id="s1" name="Locators">Locators</stat>
</suite>
</statistics>
<errors>
</errors>
</robot>
