<?xml version="1.0" encoding="UTF-8"?>
<robot generator="Robot 3.2.1 (Python 3.8.3 on win32)" generated="20200613 13:02:47.864" rpa="false">
<suite id="s1" name="Locators" source="C:\development\robot-scripts\first-script\tests\locators.robot">
<test id="s1-t1" name="Should be able to search for product">
<kw name="Begin Web Test" library="Common" type="setup">
<kw name="Open Browser" library="SeleniumLibrary">
<doc>Opens a new browser instance to the optional ``url``.</doc>
<arguments>
<arg>about:blank</arg>
<arg>${BROWSER}</arg>
</arguments>
<msg timestamp="20200613 13:02:48.343" level="INFO">Opening browser 'chrome' to base url 'about:blank'.</msg>
<status status="PASS" starttime="20200613 13:02:48.343" endtime="20200613 13:02:51.727"></status>
</kw>
<kw name="Maximize Browser Window" library="SeleniumLibrary">
<doc>Maximizes current browser window.</doc>
<status status="PASS" starttime="20200613 13:02:51.727" endtime="20200613 13:02:53.850"></status>
</kw>
<status status="PASS" starttime="20200613 13:02:48.343" endtime="20200613 13:02:53.851"></status>
</kw>
<kw name="Search for Product" library="Locators">
<kw name="Load" library="LandingPage">
<kw name="Go To" library="SeleniumLibrary">
<doc>Navigates the current browser window to the provided ``url``.</doc>
<arguments>
<arg>${START_URL}</arg>
</arguments>
<msg timestamp="20200613 13:02:53.853" level="INFO">Opening url 'http://www.amazon.com'</msg>
<status status="PASS" starttime="20200613 13:02:53.852" endtime="20200613 13:02:55.921"></status>
</kw>
<status status="PASS" starttime="20200613 13:02:53.852" endtime="20200613 13:02:55.921"></status>
</kw>
<kw name="Verify Page Loaded" library="LandingPage">
<kw name="Wait Until Page Contains" library="SeleniumLibrary">
<doc>Waits until ``text`` appears on the current page.</doc>
<arguments>
<arg>Today's Deals</arg>
</arguments>
<status status="PASS" starttime="20200613 13:02:55.922" endtime="20200613 13:02:55.985"></status>
</kw>
<status status="PASS" starttime="20200613 13:02:55.921" endtime="20200613 13:02:55.985"></status>
</kw>
<kw name="Search For Product" library="TopNav">
<kw name="Input Text" library="SeleniumLibrary">
<doc>Types the given ``text`` into the text field identified by ``locator``.</doc>
<arguments>
<arg>twotabsearchtextbox</arg>
<arg>${SEARCH_TERM}</arg>
</arguments>
<msg timestamp="20200613 13:02:55.986" level="INFO">Typing text 'Final Fantasy 8' into text field 'twotabsearchtextbox'.</msg>
<status status="PASS" starttime="20200613 13:02:55.986" endtime="20200613 13:02:56.335"></status>
</kw>
<kw name="Click Button" library="SeleniumLibrary">
<doc>Clicks the button identified by ``locator``.</doc>
<arguments>
<arg>xpath=//*[@id="nav-search"]/form/div[2]/div/input</arg>
</arguments>
<msg timestamp="20200613 13:02:56.336" level="INFO">Clicking button 'xpath=//*[@id="nav-search"]/form/div[2]/div/input'.</msg>
<status status="PASS" starttime="20200613 13:02:56.335" endtime="20200613 13:02:57.998"></status>
</kw>
<kw name="Wait Until Page Contains" library="SeleniumLibrary">
<doc>Waits until ``text`` appears on the current page.</doc>
<arguments>
<arg>results for "${SEARCH_TERM}"</arg>
</arguments>
<status status="PASS" starttime="20200613 13:02:57.998" endtime="20200613 13:02:58.061"></status>
</kw>
<status status="PASS" starttime="20200613 13:02:55.985" endtime="20200613 13:02:58.062"></status>
</kw>
<status status="PASS" starttime="20200613 13:02:53.851" endtime="20200613 13:02:58.062"></status>
</kw>
<kw name="Select Product from Search Result" library="Locators">
<kw name="Select Product" library="SearchResult">
<kw name="Click Link" library="SeleniumLibrary">
<doc>Clicks a link identified by ``locator``.</doc>
<arguments>
<arg>xpath=//*[@id="search"]/div[1]/div[1]/div/span[4]/div[2]/div[1]/div/span/div/div/div[2]/div[2]/div/div[1]/div/div/div[1]/h2/a</arg>
</arguments>
<msg timestamp="20200613 13:02:58.064" level="INFO">Clicking link 'xpath=//*[@id="search"]/div[1]/div[1]/div/span[4]/div[2]/div[1]/div/span/div/div/div[2]/div[2]/div/div[1]/div/div/div[1]/h2/a'.</msg>
<kw name="Capture Page Screenshot" library="SeleniumLibrary">
<doc>Takes a screenshot of the current page and embeds it into a log file.</doc>
<msg timestamp="20200613 13:02:58.584" level="INFO" html="yes">&lt;/td&gt;&lt;/tr&gt;&lt;tr&gt;&lt;td colspan="3"&gt;&lt;a href="selenium-screenshot-8.png"&gt;&lt;img src="selenium-screenshot-8.png" width="800px"&gt;&lt;/a&gt;</msg>
<status status="PASS" starttime="20200613 13:02:58.090" endtime="20200613 13:02:58.584"></status>
</kw>
<msg timestamp="20200613 13:02:58.632" level="FAIL">Link with locator 'xpath=//*[@id="search"]/div[1]/div[1]/div/span[4]/div[2]/div[1]/div/span/div/div/div[2]/div[2]/div/div[1]/div/div/div[1]/h2/a' not found.</msg>
<status status="FAIL" starttime="20200613 13:02:58.064" endtime="20200613 13:02:58.632"></status>
</kw>
<status status="FAIL" starttime="20200613 13:02:58.063" endtime="20200613 13:02:58.632"></status>
</kw>
<status status="FAIL" starttime="20200613 13:02:58.063" endtime="20200613 13:02:58.632"></status>
</kw>
<kw name="End Web Test" library="Common" type="teardown">
<kw name="Close Browser" library="SeleniumLibrary">
<doc>Closes the current browser.</doc>
<status status="PASS" starttime="20200613 13:02:58.634" endtime="20200613 13:03:00.840"></status>
</kw>
<status status="PASS" starttime="20200613 13:02:58.633" endtime="20200613 13:03:00.840"></status>
</kw>
<status status="FAIL" starttime="20200613 13:02:48.342" endtime="20200613 13:03:00.841" critical="yes">Link with locator 'xpath=//*[@id="search"]/div[1]/div[1]/div/span[4]/div[2]/div[1]/div/span/div/div/div[2]/div[2]/div/div[1]/div/div/div[1]/h2/a' not found.</status>
</test>
<status status="FAIL" starttime="20200613 13:02:47.866" endtime="20200613 13:03:00.844"></status>
</suite>
<statistics>
<total>
<stat pass="0" fail="1">Critical Tests</stat>
<stat pass="0" fail="1">All Tests</stat>
</total>
<tag>
</tag>
<suite>
<stat pass="0" fail="1" id="s1" name="Locators">Locators</stat>
</suite>
</statistics>
<errors>
</errors>
</robot>
